         vmop                    [threads: total initially_running wait_to_block]    [time: spin block sync cleanup vmop] page_trap_count
0.176: GenCollectForAllocation          [       9          1              1    ]      [     0     0     0     0     1    ]  1   
0.202: GenCollectForAllocation          [       9          1              1    ]      [     0     0     0     0     1    ]  1   
0.212: GenCollectForAllocation          [       9          0              0    ]      [     0     0     0     0     0    ]  0   
0.233: GenCollectForAllocation          [       9          1              1    ]      [ 10467     0 10467     0     0    ]  0   
10.715: GenCollectForAllocation          [       8          0              0    ]      [     0     0     0     0     0    ]  0   
10.729: GenCollectForAllocation          [       8          0              0    ]      [     0     0     0     0     0    ]  0   
10.743: GenCollectForAllocation          [       8          0              0    ]      [     0     0     0     0     0    ]  0   
10.757: GenCollectForAllocation          [       8          0              0    ]      [     0     0     0     0     0    ]  0   
10.771: GenCollectForAllocation          [       8          0              0    ]      [     0     0     0     0     0    ]  0   
10.785: GenCollectForAllocation          [       8          0              0    ]      [     0     0     0     0     0    ]  0   
10.800: GenCollectForAllocation          [       8          0              0    ]      [     0     0     0     0     0    ]  0   
10.814: GenCollectForAllocation          [       8          0              0    ]      [     0     0     0     0     0    ]  0   
10.828: GenCollectForAllocation          [       8          0              0    ]      [     0     0     0     0     0    ]  0   
10.842: GenCollectForAllocation          [       8          0              0    ]      [     0     0     0     0     0    ]  0   
10.856: GenCollectForAllocation          [       8          0              0    ]      [     0     0     0     0     0    ]  0   
10.870: GenCollectForAllocation          [       8          0              0    ]      [     0     0     0     0     0    ]  0   
10.884: GenCollectForAllocation          [       8          0              0    ]      [     0     0     0     0     0    ]  0   
10.898: GenCollectForAllocation          [       8          0              0    ]      [     0     0     0     0     0    ]  0   
10.912: GenCollectForAllocation          [       8          0              0    ]      [     0     0     0     0     0    ]  0   
10.926: GenCollectForAllocation          [       8          0              0    ]      [     0     0     0     0     0    ]  0   
10.940: GenCollectForAllocation          [       8          0              0    ]      [     0     0     0     0     0    ]  0   
10.954: GenCollectForAllocation          [       8          0              0    ]      [     0     0     0     0     0    ]  0   
10.968: GenCollectForAllocation          [       8          0              0    ]      [     0     0     0     0     0    ]  0   
10.982: GenCollectForAllocation          [       8          0              0    ]      [     0     0     0     0     0    ]  0   
10.997: GenCollectForAllocation          [       8          0              0    ]      [     0     0     0     0     0    ]  0   
11.015: GenCollectForAllocation          [       8          0              0    ]      [     0     0     0     0     0    ]  0   
11.030: GenCollectForAllocation          [       8          0              0    ]      [     0     0     0     0     0    ]  0   
11.047: GenCollectForAllocation          [       8          0              0    ]      [     0     0     0     0     0    ]  0   
11.062: GenCollectForAllocation          [       8          0              0    ]      [     0     0     0     0     0    ]  0   
11.076: GenCollectForAllocation          [       8          0              0    ]      [     0     0     0     0     0    ]  0   
         vmop                    [threads: total initially_running wait_to_block]    [time: spin block sync cleanup vmop] page_trap_count
11.092: GenCollectForAllocation          [       8          0              0    ]      [     0     0     0     0     0    ]  0   
11.107: GenCollectForAllocation          [       8          0              0    ]      [     0     0     0     0     0    ]  0   
11.123: GenCollectForAllocation          [       8          0              0    ]      [     0     0     0     0     0    ]  0   
11.139: GenCollectForAllocation          [       8          0              0    ]      [     0     0     0     0     0    ]  0   
11.155: GenCollectForAllocation          [       8          0              0    ]      [     0     0     0     0     0    ]  0   
11.171: GenCollectForAllocation          [       8          0              0    ]      [     0     0     0     0     0    ]  0   
11.187: GenCollectForAllocation          [       8          0              0    ]      [     0     0     0     0     0    ]  0   
11.203: GenCollectForAllocation          [       8          0              0    ]      [     0     0     0     0     0    ]  0   
11.219: GenCollectForAllocation          [       8          0              0    ]      [     0     0     0     0     0    ]  0   
11.235: GenCollectForAllocation          [       8          0              0    ]      [     0     0     0     0     0    ]  0   
11.253: GenCollectForAllocation          [       8          0              0    ]      [     0     0     0     0     0    ]  0   
11.270: GenCollectForAllocation          [       8          0              0    ]      [     0     0     0     0     0    ]  0   
11.286: GenCollectForAllocation          [       8          0              0    ]      [     0     0     0     0     0    ]  0   
11.303: GenCollectForAllocation          [       8          0              0    ]      [     0     0     0     0     0    ]  0   
11.319: GenCollectForAllocation          [       8          0              0    ]      [     0     0     0     0     0    ]  0   
11.335: GenCollectForAllocation          [       8          0              0    ]      [     0     0     0     0     0    ]  0   
11.350: GenCollectForAllocation          [       8          0              0    ]      [     0     0     0     0     0    ]  0   
11.366: GenCollectForAllocation          [       8          0              0    ]      [     0     0     0     0     0    ]  0   
11.382: GenCollectForAllocation          [       8          0              0    ]      [     0     0     0     0     0    ]  0   
11.398: GenCollectForAllocation          [       8          0              0    ]      [     0     0     0     0     0    ]  0   
11.414: GenCollectForAllocation          [       8          0              0    ]      [     0     0     0     0     0    ]  0   
11.430: GenCollectForAllocation          [       8          0              0    ]      [     0     0     0     0     0    ]  0   
11.447: GenCollectForAllocation          [       8          0              0    ]      [     0     0     0     0     0    ]  0   
11.463: GenCollectForAllocation          [       8          0              0    ]      [     0     0     0     0     0    ]  0   
11.479: GenCollectForAllocation          [       8          0              0    ]      [     0     0     0     0     0    ]  0   
11.496: GenCollectForAllocation          [       8          0              0    ]      [     0     0     0     0     0    ]  0   
11.512: GenCollectForAllocation          [       8          0              0    ]      [     0     0     0     0     0    ]  0   
11.529: GenCollectForAllocation          [       8          0              0    ]      [     0     0     0     0     0    ]  0   
11.546: GenCollectForAllocation          [       8          0              0    ]      [     0     0     0     0     0    ]  0   
11.565: GenCollectForAllocation          [       8          0              0    ]      [     0     0     0     0     0    ]  0   
         vmop                    [threads: total initially_running wait_to_block]    [time: spin block sync cleanup vmop] page_trap_count
11.580: GenCollectForAllocation          [       8          0              0    ]      [     0     0     0     0     0    ]  0   
11.595: GenCollectForAllocation          [       8          0              0    ]      [     0     0     0     0     0    ]  0   
11.611: GenCollectForAllocation          [       8          0              0    ]      [     0     0     0     0     0    ]  0   
11.625: GenCollectForAllocation          [       8          0              0    ]      [     0     0     0     0     0    ]  0   
11.639: GenCollectForAllocation          [       8          0              0    ]      [     0     0     0     0     0    ]  0   
11.654: GenCollectForAllocation          [       8          0              0    ]      [     0     0     0     0     0    ]  0   
11.670: GenCollectForAllocation          [       8          0              0    ]      [     0     0     0     0     0    ]  0   
11.685: GenCollectForAllocation          [       8          0              0    ]      [     0     0     0     0     0    ]  0   
11.700: GenCollectForAllocation          [       8          0              0    ]      [     0     0     0     0     0    ]  0   
11.716: GenCollectForAllocation          [       8          0              0    ]      [     0     0     0     0     0    ]  0   
11.730: GenCollectForAllocation          [       8          0              0    ]      [     0     0     0     0     0    ]  0   
11.745: GenCollectForAllocation          [       8          0              0    ]      [     0     0     0     0     0    ]  0   
11.760: GenCollectForAllocation          [       8          0              0    ]      [     0     0     0     0     0    ]  0   
11.775: GenCollectForAllocation          [       8          0              0    ]      [     0     0     0     0     0    ]  0   
11.789: GenCollectForAllocation          [       8          0              0    ]      [     0     0     0     0     0    ]  0   
11.804: GenCollectForAllocation          [       8          0              0    ]      [     0     0     0     0     0    ]  0   
11.818: GenCollectForAllocation          [       8          0              0    ]      [     0     0     0     0     0    ]  0   
11.832: GenCollectForAllocation          [       8          0              0    ]      [     0     0     0     0     0    ]  0   
11.846: GenCollectForAllocation          [       8          0              0    ]      [     0     0     0     0     0    ]  0   
11.860: GenCollectForAllocation          [       8          0              0    ]      [     0     0     0     0     0    ]  0   
11.876: GenCollectForAllocation          [       8          0              0    ]      [     0     0     0     0     0    ]  0   
11.890: GenCollectForAllocation          [       8          0              0    ]      [     0     0     0     0     0    ]  0   
11.904: GenCollectForAllocation          [       8          0              0    ]      [     0     0     0     0     0    ]  0   
11.918: GenCollectForAllocation          [       8          0              0    ]      [     0     0     0     0     0    ]  0   
11.932: GenCollectForAllocation          [       8          0              0    ]      [     0     0     0     0     0    ]  0   
11.946: GenCollectForAllocation          [       8          0              0    ]      [     0     0     0     0     0    ]  0   
11.960: GenCollectForAllocation          [       8          0              0    ]      [     0     0     0     0     0    ]  0   
11.975: GenCollectForAllocation          [       8          0              0    ]      [     0     0     0     0     0    ]  0   
11.989: GenCollectForAllocation          [       8          0              0    ]      [     0     0     0     0     0    ]  0   
12.003: GenCollectForAllocation          [       8          0              0    ]      [     0     0     0     0     0    ]  0   
         vmop                    [threads: total initially_running wait_to_block]    [time: spin block sync cleanup vmop] page_trap_count
12.017: GenCollectForAllocation          [       8          0              0    ]      [     0     0     0     0     0    ]  0   
12.031: GenCollectForAllocation          [       8          0              0    ]      [     0     0     0     0     0    ]  0   
12.045: GenCollectForAllocation          [       8          0              0    ]      [     0     0     0     0     0    ]  0   
12.060: GenCollectForAllocation          [       8          0              0    ]      [     0     0     0     0     0    ]  0   
12.073: GenCollectForAllocation          [       8          0              0    ]      [     0     0     0     0     0    ]  0   
12.088: GenCollectForAllocation          [       8          0              0    ]      [     0     0     0     0     0    ]  0   
12.103: GenCollectForAllocation          [       8          0              0    ]      [     0     0     0     0     0    ]  0   
12.117: GenCollectForAllocation          [       8          0              0    ]      [     0     0     0     0     0    ]  0   
12.132: GenCollectForAllocation          [       8          0              0    ]      [     0     0     0     0     0    ]  0   
12.147: GenCollectForAllocation          [       8          0              0    ]      [     0     0     0     0     0    ]  0   
12.163: GenCollectForAllocation          [       8          0              0    ]      [     0     0     0     0     0    ]  0   
12.178: GenCollectForAllocation          [       8          0              0    ]      [     0     0     0     0     0    ]  0   
12.194: GenCollectForAllocation          [       8          0              0    ]      [     0     0     0     0     0    ]  0   
12.211: GenCollectForAllocation          [       8          0              0    ]      [     0     0     0     0     0    ]  0   
12.227: GenCollectForAllocation          [       8          0              0    ]      [     0     0     0     0     0    ]  0   
12.243: GenCollectForAllocation          [       8          0              0    ]      [     0     0     0     0     0    ]  0   
12.258: GenCollectForAllocation          [       8          0              0    ]      [     0     0     0     0     0    ]  0   
12.274: GenCollectForAllocation          [       8          0              0    ]      [     0     0     0     0     0    ]  0   
12.292: GenCollectForAllocation          [       8          0              0    ]      [     0     0     0     0     0    ]  0   
12.306: GenCollectForAllocation          [       8          0              0    ]      [     0     0     0     0     0    ]  0   
12.320: GenCollectForAllocation          [       8          0              0    ]      [     0     0     0     0     0    ]  0   
12.335: GenCollectForAllocation          [       8          0              0    ]      [     0     0     0     0     0    ]  0   
12.350: GenCollectForAllocation          [       8          0              0    ]      [     0     0     0     0     0    ]  0   
12.365: GenCollectForAllocation          [       8          0              0    ]      [     0     0     0     0     0    ]  0   
12.380: GenCollectForAllocation          [       8          0              0    ]      [     0     0     0     0     0    ]  0   
12.395: GenCollectForAllocation          [       8          0              0    ]      [     0     0     0     0     0    ]  0   
12.411: GenCollectForAllocation          [       8          0              0    ]      [     0     0     0     0     0    ]  0   
12.426: GenCollectForAllocation          [       8          0              0    ]      [     0     0     0     0     0    ]  0   
12.440: GenCollectForAllocation          [       8          0              0    ]      [     0     0     0     0     0    ]  0   
12.454: GenCollectForAllocation          [       8          0              0    ]      [     0     0     0     0     0    ]  0   
         vmop                    [threads: total initially_running wait_to_block]    [time: spin block sync cleanup vmop] page_trap_count
12.468: GenCollectForAllocation          [       8          0              0    ]      [     0     0     0     0     0    ]  0   
12.482: GenCollectForAllocation          [       8          0              0    ]      [     0     0     0     0     0    ]  0   
12.497: GenCollectForAllocation          [       8          0              0    ]      [     0     0     0     0     0    ]  0   
12.511: GenCollectForAllocation          [       8          0              0    ]      [     0     0     0     0     0    ]  0   
12.525: GenCollectForAllocation          [       8          0              0    ]      [     0     0     0     0     0    ]  0   
12.541: GenCollectForAllocation          [       8          0              0    ]      [     0     0     0     0     0    ]  0   
12.556: GenCollectForAllocation          [       8          0              0    ]      [     0     0     0     0     0    ]  0   
12.571: GenCollectForAllocation          [       8          0              0    ]      [     0     0     0     0     0    ]  0   
12.585: GenCollectForAllocation          [       8          0              0    ]      [     0     0     0     0     0    ]  0   
12.600: GenCollectForAllocation          [       8          0              0    ]      [     0     0     0     0     0    ]  0   
12.615: GenCollectForAllocation          [       8          0              0    ]      [     0     0     0     0     0    ]  0   
12.631: GenCollectForAllocation          [       8          0              0    ]      [     0     0     0     0     0    ]  0   
12.647: GenCollectForAllocation          [       8          0              0    ]      [     0     0     0     0     0    ]  0   
12.664: GenCollectForAllocation          [       8          0              0    ]      [     0     0     0     0     0    ]  0   
12.679: GenCollectForAllocation          [       8          0              0    ]      [     0     0     0     0     0    ]  0   
12.695: GenCollectForAllocation          [       8          0              0    ]      [     0     0     0     0     0    ]  0   
12.711: GenCollectForAllocation          [       8          0              0    ]      [     0     0     0     0     0    ]  0   
12.727: GenCollectForAllocation          [       8          0              0    ]      [     0     0     0     0     0    ]  0   
12.742: GenCollectForAllocation          [       8          0              0    ]      [     0     0     0     0     0    ]  0   
12.756: GenCollectForAllocation          [       8          0              0    ]      [     0     0     0     0     0    ]  0   
12.770: GenCollectForAllocation          [       8          0              0    ]      [     0     0     0     0     0    ]  0   
12.784: GenCollectForAllocation          [       8          0              0    ]      [     0     0     0     0     0    ]  0   
12.799: GenCollectForAllocation          [       8          0              0    ]      [     0     0     0     0     0    ]  0   
12.813: GenCollectForAllocation          [       8          0              0    ]      [     0     0     0     0     0    ]  0   
12.828: GenCollectForAllocation          [       8          0              0    ]      [     0     0     0     0     0    ]  0   
12.842: GenCollectForAllocation          [       8          0              0    ]      [     0     0     0     0     0    ]  0   
12.856: GenCollectForAllocation          [       8          0              0    ]      [     0     0     0     0     0    ]  0   
12.872: GenCollectForAllocation          [       8          0              0    ]      [     0     0     0     0     0    ]  0   
12.888: GenCollectForAllocation          [       8          0              0    ]      [     0     0     0     0     0    ]  0   
12.903: GenCollectForAllocation          [       8          0              0    ]      [     0     0     0     0     0    ]  0   
         vmop                    [threads: total initially_running wait_to_block]    [time: spin block sync cleanup vmop] page_trap_count
12.918: GenCollectForAllocation          [       8          0              0    ]      [     0     0     0     0     0    ]  0   
12.933: GenCollectForAllocation          [       8          0              0    ]      [     0     0     0     0     0    ]  0   
12.948: GenCollectForAllocation          [       8          0              0    ]      [     0     0     0     0     0    ]  0   
12.965: GenCollectForAllocation          [       8          0              0    ]      [     0     0     0     0     0    ]  0   
12.979: GenCollectForAllocation          [       8          0              0    ]      [     0     0     0     0     0    ]  0   
12.994: GenCollectForAllocation          [       8          0              0    ]      [     0     0     0     0     0    ]  0   
13.008: GenCollectForAllocation          [       8          0              0    ]      [     0     0     0     0     0    ]  0   
13.023: GenCollectForAllocation          [       8          0              0    ]      [     0     0     0     0     0    ]  0   
13.037: GenCollectForAllocation          [       8          0              0    ]      [     0     0     0     0     0    ]  0   
13.051: GenCollectForAllocation          [       8          0              0    ]      [     0     0     0     0     0    ]  0   
13.066: GenCollectForAllocation          [       8          0              0    ]      [     0     0     0     0     0    ]  0   
13.080: GenCollectForAllocation          [       8          0              0    ]      [     0     0     0     0     0    ]  0   
13.094: GenCollectForAllocation          [       8          0              0    ]      [     0     0     0     0     0    ]  0   
13.108: GenCollectForAllocation          [       8          0              0    ]      [     0     0     0     0     0    ]  0   
13.123: GenCollectForAllocation          [       8          0              0    ]      [     0     0     0     0     0    ]  0   
13.137: GenCollectForAllocation          [       8          0              0    ]      [     0     0     0     0     0    ]  0   
13.151: GenCollectForAllocation          [       8          0              0    ]      [     0     0     0     0     0    ]  0   
13.165: GenCollectForAllocation          [       8          0              0    ]      [     0     0     0     0     0    ]  0   
13.179: GenCollectForAllocation          [       8          0              0    ]      [     0     0     0     0     0    ]  0   
13.194: GenCollectForAllocation          [       8          0              0    ]      [     0     0     0     0     0    ]  0   
13.208: GenCollectForAllocation          [       8          0              0    ]      [     0     0     0     0     0    ]  0   
13.223: GenCollectForAllocation          [       8          0              0    ]      [     0     0     0     0     0    ]  0   
13.237: GenCollectForAllocation          [       8          0              0    ]      [     0     0     0     0     0    ]  0   
13.251: GenCollectForAllocation          [       8          0              0    ]      [     0     0     0     0     0    ]  0   
13.264: no vm operation                  [       5          0              0    ]      [     0     0     0     0     0    ]  0   

Polling page always armed
GenCollectForAllocation          174
    1 VM operations coalesced during safepoint
Maximum sync time  10467 ms
Maximum vm operation time (except for Exit VM operation)      1 ms
