         vmop                    [threads: total initially_running wait_to_block]    [time: spin block sync cleanup vmop] page_trap_count
0.313: GenCollectForAllocation          [       8          0              0    ]      [     0     0     0     0     2    ]  0   
0.340: GenCollectForAllocation          [       8          0              0    ]      [     0     0     0     0     2    ]  0   
0.363: GenCollectForAllocation          [       8          0              0    ]      [     0     0     0     0     0    ]  0   
0.383: GenCollectForAllocation          [       8          0              0    ]      [     0     0     0     0     0    ]  0   
0.405: GenCollectForAllocation          [       8          0              0    ]      [     0     0     0     0     0    ]  0   
0.423: GenCollectForAllocation          [       8          0              0    ]      [     0     0     0     0     0    ]  0   
0.440: GenCollectForAllocation          [       8          0              0    ]      [     0     0     0     0     0    ]  0   
0.458: GenCollectForAllocation          [       8          0              0    ]      [     0     0     0     0     0    ]  0   
0.472: GenCollectForAllocation          [       8          0              0    ]      [     0     0     0     0     0    ]  0   
0.484: GenCollectForAllocation          [       8          0              0    ]      [     0     0     0     0     0    ]  0   
0.496: GenCollectForAllocation          [       8          0              0    ]      [     0     0     0     0     0    ]  0   
0.507: GenCollectForAllocation          [       8          0              0    ]      [     0     0     0     0     0    ]  0   
0.518: GenCollectForAllocation          [       8          0              0    ]      [     0     0     0     0     0    ]  0   
0.529: GenCollectForAllocation          [       8          0              0    ]      [     0     0     0     0     0    ]  0   
0.541: GenCollectForAllocation          [       8          0              0    ]      [     0     0     0     0     0    ]  0   
0.552: GenCollectForAllocation          [       8          0              0    ]      [     0     0     0     0     0    ]  0   
0.563: GenCollectForAllocation          [       8          0              0    ]      [     0     0     0     0     0    ]  0   
0.574: GenCollectForAllocation          [       8          0              0    ]      [     0     0     0     0     0    ]  0   
0.585: GenCollectForAllocation          [       8          0              0    ]      [     0     0     0     0     0    ]  0   
0.598: GenCollectForAllocation          [       8          0              0    ]      [     0     0     0     0     0    ]  0   
0.609: GenCollectForAllocation          [       8          0              0    ]      [     0     0     0     0     0    ]  0   
0.619: GenCollectForAllocation          [       8          0              0    ]      [     0     0     0     0     0    ]  0   
0.630: GenCollectForAllocation          [       8          0              0    ]      [     0     0     0     0     0    ]  0   
0.641: GenCollectForAllocation          [       8          0              0    ]      [     0     0     0     0     0    ]  0   
0.651: GenCollectForAllocation          [       8          0              0    ]      [     0     0     0     0     0    ]  0   
0.662: GenCollectForAllocation          [       8          0              0    ]      [     0     0     0     0     0    ]  0   
0.672: GenCollectForAllocation          [       8          0              0    ]      [     0     0     0     0     0    ]  0   
0.682: GenCollectForAllocation          [       8          0              0    ]      [     0     0     0     0     0    ]  0   
0.691: GenCollectForAllocation          [       8          0              0    ]      [     0     0     0     0     0    ]  0   
0.701: GenCollectForAllocation          [       8          0              0    ]      [     0     0     0     0     0    ]  0   
         vmop                    [threads: total initially_running wait_to_block]    [time: spin block sync cleanup vmop] page_trap_count
0.711: GenCollectForAllocation          [       8          0              0    ]      [     0     0     0     0     0    ]  0   
0.721: GenCollectForAllocation          [       8          0              0    ]      [     0     0     0     0     0    ]  0   
0.730: GenCollectForAllocation          [       8          0              0    ]      [     0     0     0     0     0    ]  0   
0.740: GenCollectForAllocation          [       8          0              0    ]      [     0     0     0     0     0    ]  0   
0.749: GenCollectForAllocation          [       8          0              0    ]      [     0     0     0     0     0    ]  0   
0.759: GenCollectForAllocation          [       8          0              0    ]      [     0     0     0     0     0    ]  0   
0.769: GenCollectForAllocation          [       8          0              0    ]      [     0     0     0     0     0    ]  0   
0.778: GenCollectForAllocation          [       8          0              0    ]      [     0     0     0     0     0    ]  0   
0.788: GenCollectForAllocation          [       8          0              0    ]      [     0     0     0     0     0    ]  0   
0.798: GenCollectForAllocation          [       8          0              0    ]      [     0     0     0     0     0    ]  0   
0.807: GenCollectForAllocation          [       8          0              0    ]      [     0     0     0     0     0    ]  0   
0.818: GenCollectForAllocation          [       8          0              0    ]      [     0     0     0     0     0    ]  0   
0.827: GenCollectForAllocation          [       8          0              0    ]      [     0     0     0     0     0    ]  0   
0.837: GenCollectForAllocation          [       8          0              0    ]      [     0     0     0     0     0    ]  0   
0.846: GenCollectForAllocation          [       8          0              0    ]      [     0     0     0     0     0    ]  0   
0.856: GenCollectForAllocation          [       8          0              0    ]      [     0     0     0     0     0    ]  0   
0.866: GenCollectForAllocation          [       8          0              0    ]      [     0     0     0     0     0    ]  0   
0.876: GenCollectForAllocation          [       8          0              0    ]      [     0     0     0     0     0    ]  0   
0.885: GenCollectForAllocation          [       8          0              0    ]      [     0     0     0     0     0    ]  0   
0.895: GenCollectForAllocation          [       8          0              0    ]      [     0     0     0     0     0    ]  0   
0.905: GenCollectForAllocation          [       8          0              0    ]      [     0     0     0     0     0    ]  0   
0.914: GenCollectForAllocation          [       8          0              0    ]      [     0     0     0     0     0    ]  0   
0.924: GenCollectForAllocation          [       8          0              0    ]      [     0     0     0     0     0    ]  0   
0.933: GenCollectForAllocation          [       8          0              0    ]      [     0     0     0     0     0    ]  0   
0.943: GenCollectForAllocation          [       8          0              0    ]      [     0     0     0     0     0    ]  0   
0.953: GenCollectForAllocation          [       8          0              0    ]      [     0     0     0     0     0    ]  0   
0.963: GenCollectForAllocation          [       8          0              0    ]      [     0     0     0     0     0    ]  0   
0.972: GenCollectForAllocation          [       8          0              0    ]      [     0     0     0     0     0    ]  0   
0.982: GenCollectForAllocation          [       8          0              0    ]      [     0     0     0     0     0    ]  0   
0.992: GenCollectForAllocation          [       8          0              0    ]      [     0     0     0     0     0    ]  0   
         vmop                    [threads: total initially_running wait_to_block]    [time: spin block sync cleanup vmop] page_trap_count
1.001: GenCollectForAllocation          [       8          0              0    ]      [     0     0     0     0     0    ]  0   
1.011: GenCollectForAllocation          [       8          0              0    ]      [     0     0     0     0     0    ]  0   
1.020: GenCollectForAllocation          [       8          0              0    ]      [     0     0     0     0     0    ]  0   
1.030: GenCollectForAllocation          [       8          0              0    ]      [     0     0     0     0     0    ]  0   
1.039: GenCollectForAllocation          [       8          0              0    ]      [     0     0     0     0     0    ]  0   
1.049: GenCollectForAllocation          [       8          0              0    ]      [     0     0     0     0     0    ]  0   
1.059: GenCollectForAllocation          [       8          0              0    ]      [     0     0     0     0     0    ]  0   
1.069: GenCollectForAllocation          [       8          0              0    ]      [     0     0     0     0     0    ]  0   
1.080: GenCollectForAllocation          [       8          0              0    ]      [     0     0     0     0     0    ]  0   
1.090: GenCollectForAllocation          [       8          0              0    ]      [     0     0     0     0     0    ]  0   
1.107: GenCollectForAllocation          [       8          0              0    ]      [     0     0     0     0     0    ]  0   
1.123: GenCollectForAllocation          [       8          0              0    ]      [     0     0     0     0     0    ]  0   
1.133: GenCollectForAllocation          [       8          0              0    ]      [     0     0     0     0     0    ]  0   
1.149: GenCollectForAllocation          [       8          0              0    ]      [     0     0     0     0     0    ]  0   
1.164: GenCollectForAllocation          [       8          0              0    ]      [     0     0     0     0     0    ]  0   
1.179: GenCollectForAllocation          [       8          0              0    ]      [     0     0     0     0     0    ]  0   
1.193: GenCollectForAllocation          [       8          0              0    ]      [     0     0     0     0     0    ]  0   
1.207: GenCollectForAllocation          [       8          0              0    ]      [     0     0     0     0     0    ]  0   
1.223: GenCollectForAllocation          [       8          0              0    ]      [     0     0     0     0     0    ]  0   
1.233: GenCollectForAllocation          [       8          0              0    ]      [     0     0     0     0     0    ]  0   
1.243: GenCollectForAllocation          [       8          0              0    ]      [     0     0     0     0     0    ]  0   
1.253: GenCollectForAllocation          [       8          0              0    ]      [     0     0     0     0     0    ]  0   
1.262: GenCollectForAllocation          [       8          0              0    ]      [     0     0     0     0     0    ]  0   
1.272: GenCollectForAllocation          [       8          0              0    ]      [     0     0     0     0     0    ]  0   
1.282: GenCollectForAllocation          [       8          0              0    ]      [     0     0     0     0     0    ]  0   
1.292: GenCollectForAllocation          [       8          0              0    ]      [     0     0     0     0     0    ]  0   
1.301: GenCollectForAllocation          [       8          0              0    ]      [     0     0     0     0     0    ]  0   
1.311: GenCollectForAllocation          [       8          0              0    ]      [     0     0     0     0     0    ]  0   
1.322: GenCollectForAllocation          [       8          0              0    ]      [     0     0     0     0     0    ]  0   
1.332: GenCollectForAllocation          [       8          0              0    ]      [     0     0     0     0     0    ]  0   
         vmop                    [threads: total initially_running wait_to_block]    [time: spin block sync cleanup vmop] page_trap_count
1.342: GenCollectForAllocation          [       8          0              0    ]      [     0     0     0     0     0    ]  0   
1.353: GenCollectForAllocation          [       8          0              0    ]      [     0     0     0     0     0    ]  0   
1.363: GenCollectForAllocation          [       8          0              0    ]      [     0     0     0     0     0    ]  0   
1.372: GenCollectForAllocation          [       8          0              0    ]      [     0     0     0     0     0    ]  0   
1.382: GenCollectForAllocation          [       8          0              0    ]      [     0     0     0     0     0    ]  0   
1.392: GenCollectForAllocation          [       8          0              0    ]      [     0     0     0     0     0    ]  0   
1.401: GenCollectForAllocation          [       8          0              0    ]      [     0     0     0     0     0    ]  0   
1.411: GenCollectForAllocation          [       8          0              0    ]      [     0     0     0     0     0    ]  0   
1.421: GenCollectForAllocation          [       8          0              0    ]      [     0     0     0     0     0    ]  0   
1.431: GenCollectForAllocation          [       8          0              0    ]      [     0     0     0     0     0    ]  0   
1.441: GenCollectForAllocation          [       8          0              0    ]      [     0     0     0     0     0    ]  0   
1.450: GenCollectForAllocation          [       8          0              0    ]      [     0     0     0     0     0    ]  0   
1.460: GenCollectForAllocation          [       8          0              0    ]      [     0     0     0     0     0    ]  0   
1.470: GenCollectForAllocation          [       8          0              0    ]      [     0     0     0     0     0    ]  0   
1.480: GenCollectForAllocation          [       8          0              0    ]      [     0     0     0     0     0    ]  0   
1.490: GenCollectForAllocation          [       8          0              0    ]      [     0     0     0     0     0    ]  0   
1.499: GenCollectForAllocation          [       8          0              0    ]      [     0     0     0     0     0    ]  0   
1.509: GenCollectForAllocation          [       8          0              0    ]      [     0     0     0     0     0    ]  0   
1.519: GenCollectForAllocation          [       8          0              0    ]      [     0     0     0     0     0    ]  0   
1.530: GenCollectForAllocation          [       8          0              0    ]      [     0     0     0     0     0    ]  0   
1.540: GenCollectForAllocation          [       8          0              0    ]      [     0     0     0     0     0    ]  0   
1.550: GenCollectForAllocation          [       8          0              0    ]      [     0     0     0     0     0    ]  0   
1.559: GenCollectForAllocation          [       8          0              0    ]      [     0     0     0     0     0    ]  0   
1.569: GenCollectForAllocation          [       8          0              0    ]      [     0     0     0     0     0    ]  0   
1.578: GenCollectForAllocation          [       8          0              0    ]      [     0     0     0     0     0    ]  0   
1.588: GenCollectForAllocation          [       8          0              0    ]      [     0     0     0     0     0    ]  0   
1.598: GenCollectForAllocation          [       8          0              0    ]      [     0     0     0     0     0    ]  0   
1.607: GenCollectForAllocation          [       8          0              0    ]      [     0     0     0     0     0    ]  0   
1.617: GenCollectForAllocation          [       8          0              0    ]      [     0     0     0     0     0    ]  0   
1.627: GenCollectForAllocation          [       8          0              0    ]      [     0     0     0     0     0    ]  0   
         vmop                    [threads: total initially_running wait_to_block]    [time: spin block sync cleanup vmop] page_trap_count
1.636: GenCollectForAllocation          [       8          0              0    ]      [     0     0     0     0     0    ]  0   
1.646: GenCollectForAllocation          [       8          0              0    ]      [     0     0     0     0     0    ]  0   
1.656: GenCollectForAllocation          [       8          0              0    ]      [     0     0     0     0     0    ]  0   
1.665: GenCollectForAllocation          [       8          0              0    ]      [     0     0     0     0     0    ]  0   
1.675: GenCollectForAllocation          [       8          0              0    ]      [     0     0     0     0     0    ]  0   
1.684: GenCollectForAllocation          [       8          0              0    ]      [     0     0     0     0     0    ]  0   
1.694: GenCollectForAllocation          [       8          0              0    ]      [     0     0     0     0     0    ]  0   
1.704: GenCollectForAllocation          [       8          0              0    ]      [     0     0     0     0     0    ]  0   
1.713: GenCollectForAllocation          [       8          0              0    ]      [     0     0     0     0     0    ]  0   
1.723: GenCollectForAllocation          [       8          0              0    ]      [     0     0     0     0     0    ]  0   
1.733: GenCollectForAllocation          [       8          0              0    ]      [     0     0     0     0     0    ]  0   
1.742: GenCollectForAllocation          [       8          0              0    ]      [     0     0     0     0     0    ]  0   
1.752: GenCollectForAllocation          [       8          0              0    ]      [     0     0     0     0     0    ]  0   
1.762: GenCollectForAllocation          [       8          0              0    ]      [     0     0     0     0     0    ]  0   
1.772: GenCollectForAllocation          [       8          0              0    ]      [     0     0     0     0     0    ]  0   
1.781: GenCollectForAllocation          [       8          0              0    ]      [     0     0     0     0     0    ]  0   
1.791: GenCollectForAllocation          [       8          0              0    ]      [     0     0     0     0     0    ]  0   
1.801: GenCollectForAllocation          [       8          0              0    ]      [     0     0     0     0     0    ]  0   
1.810: GenCollectForAllocation          [       8          0              0    ]      [     0     0     0     0     0    ]  0   
1.820: GenCollectForAllocation          [       8          0              0    ]      [     0     0     0     0     0    ]  0   
1.829: GenCollectForAllocation          [       8          0              0    ]      [     0     0     0     0     0    ]  0   
1.839: GenCollectForAllocation          [       8          0              0    ]      [     0     0     0     0     0    ]  0   
1.849: GenCollectForAllocation          [       8          0              0    ]      [     0     0     0     0     0    ]  0   
1.859: GenCollectForAllocation          [       8          0              0    ]      [     0     0     0     0     0    ]  0   
1.868: GenCollectForAllocation          [       8          0              0    ]      [     0     0     0     0     0    ]  0   
1.878: GenCollectForAllocation          [       8          0              0    ]      [     0     0     0     0     0    ]  0   
1.888: GenCollectForAllocation          [       8          0              0    ]      [     0     0     0     0     0    ]  0   
1.897: GenCollectForAllocation          [       8          0              0    ]      [     0     0     0     0     0    ]  0   
1.908: GenCollectForAllocation          [       8          0              0    ]      [     0     0     0     0     0    ]  0   
1.918: GenCollectForAllocation          [       8          0              0    ]      [     0     0     0     0     0    ]  0   
         vmop                    [threads: total initially_running wait_to_block]    [time: spin block sync cleanup vmop] page_trap_count
1.927: GenCollectForAllocation          [       8          0              0    ]      [     0     0     0     0     0    ]  0   
1.937: GenCollectForAllocation          [       8          0              0    ]      [     0     0     0     0     0    ]  0   
1.947: GenCollectForAllocation          [       8          0              0    ]      [     0     0     0     0     0    ]  0   
1.957: GenCollectForAllocation          [       8          0              0    ]      [     0     0     0     0     0    ]  0   
1.967: GenCollectForAllocation          [       8          0              0    ]      [     0     0     0     0     0    ]  0   
1.977: GenCollectForAllocation          [       8          0              0    ]      [     0     0     0     0     0    ]  0   
1.986: GenCollectForAllocation          [       8          0              0    ]      [     0     0     0     0     0    ]  0   
1.996: GenCollectForAllocation          [       8          0              0    ]      [     0     0     0     0     0    ]  0   
2.007: GenCollectForAllocation          [       8          0              0    ]      [     0     0     0     0     0    ]  0   
2.017: GenCollectForAllocation          [       8          0              0    ]      [     0     0     0     0     0    ]  0   
2.027: GenCollectForAllocation          [       8          0              0    ]      [     0     0     0     0     0    ]  0   
2.037: GenCollectForAllocation          [       8          0              0    ]      [     0     0     0     0     0    ]  0   
2.047: GenCollectForAllocation          [       8          0              0    ]      [     0     0     0     0     0    ]  0   
2.057: GenCollectForAllocation          [       8          0              0    ]      [     0     0     0     0     0    ]  0   
2.067: GenCollectForAllocation          [       8          0              0    ]      [     0     0     0     0     0    ]  0   
2.077: GenCollectForAllocation          [       8          0              0    ]      [     0     0     0     0     0    ]  0   
2.087: GenCollectForAllocation          [       8          0              0    ]      [     0     0     0     0     0    ]  0   
2.097: GenCollectForAllocation          [       8          0              0    ]      [     0     0     0     0     0    ]  0   
2.106: GenCollectForAllocation          [       8          0              0    ]      [     0     0     0     0     0    ]  0   
2.116: GenCollectForAllocation          [       8          0              0    ]      [     0     0     0     0     0    ]  0   
2.126: GenCollectForAllocation          [       8          0              0    ]      [     0     0     0     0     0    ]  0   
2.135: GenCollectForAllocation          [       8          0              0    ]      [     0     0     0     0     0    ]  0   
2.145: GenCollectForAllocation          [       8          0              0    ]      [     0     0     0     0     0    ]  0   
2.156: GenCollectForAllocation          [       8          0              0    ]      [     0     0     0     0     0    ]  0   
2.165: no vm operation                  [       5          0              0    ]      [     0     0     0     0     0    ]  0   

Polling page always armed
GenCollectForAllocation          174
    0 VM operations coalesced during safepoint
Maximum sync time      0 ms
Maximum vm operation time (except for Exit VM operation)      2 ms
